# JRE version: Java(TM) SE Runtime Environment (8.0_131-b11) (build 1.8.0_131-b11)
# Java VM: Java HotSpot(TM) 64-Bit Server VM (25.131-b11 mixed mode windows-amd64 compressed oops)
Heap:
 PSYoungGen      total 133632K, used 4398K [0x00000000eb200000, 0x00000000f5b00000, 0x0000000100000000)
  eden space 122368K, 3% used [0x00000000eb200000,0x00000000eb64bb98,0x00000000f2980000)
  from space 11264K, 0% used [0x00000000f5000000,0x00000000f5000000,0x00000000f5b00000)
  to   space 8704K, 0% used [0x00000000f2980000,0x00000000f2980000,0x00000000f3200000)
 ParOldGen       total 34304K, used 13328K [0x00000000c1600000, 0x00000000c3780000, 0x00000000eb200000)
  object space 34304K, 38% used [0x00000000c1600000,0x00000000c2304080,0x00000000c3780000)
 Metaspace       used 33649K, capacity 35528K, committed 35880K, reserved 1081344K
  class space    used 4430K, capacity 4787K, committed 4904K, reserved 1048576K
GC Heap History (10 events):
Event: 10.539 GC heap before
{Heap before GC invocations=8 (full 1):
 PSYoungGen      total 70656K, used 6640K [0x00000000eb200000, 0x00000000f4000000, 0x0000000100000000)
  eden space 64000K, 0% used [0x00000000eb200000,0x00000000eb200000,0x00000000ef080000)
  from space 6656K, 99% used [0x00000000ef080000,0x00000000ef6fc338,0x00000000ef700000)
  to   space 8704K, 0% used [0x00000000f3780000,0x00000000f3780000,0x00000000f4000000)
 ParOldGen       total 44032K, used 6173K [0x00000000c1600000, 0x00000000c4100000, 0x00000000eb200000)
  object space 44032K, 14% used [0x00000000c1600000,0x00000000c1c075d0,0x00000000c4100000)
 Metaspace       used 20553K, capacity 21206K, committed 21296K, reserved 1067008K
  class space    used 2666K, capacity 2869K, committed 2944K, reserved 1048576K
Event: 10.687 GC heap after
Heap after GC invocations=8 (full 1):
 PSYoungGen      total 70656K, used 0K [0x00000000eb200000, 0x00000000f4000000, 0x0000000100000000)
  eden space 64000K, 0% used [0x00000000eb200000,0x00000000eb200000,0x00000000ef080000)
  from space 6656K, 0% used [0x00000000ef080000,0x00000000ef080000,0x00000000ef700000)
  to   space 8704K, 0% used [0x00000000f3780000,0x00000000f3780000,0x00000000f4000000)
 ParOldGen       total 34304K, used 10795K [0x00000000c1600000, 0x00000000c3780000, 0x00000000eb200000)
  object space 34304K, 31% used [0x00000000c1600000,0x00000000c208aff0,0x00000000c3780000)
 Metaspace       used 20552K, capacity 21200K, committed 21296K, reserved 1067008K
  class space    used 2666K, capacity 2868K, committed 2944K, reserved 1048576K
}
Event: 13.327 GC heap before
{Heap before GC invocations=9 (full 1):
 PSYoungGen      total 70656K, used 64000K [0x00000000eb200000, 0x00000000f4000000, 0x0000000100000000)
  eden space 64000K, 100% used [0x00000000eb200000,0x00000000ef080000,0x00000000ef080000)
  from space 6656K, 0% used [0x00000000ef080000,0x00000000ef080000,0x00000000ef700000)
  to   space 8704K, 0% used [0x00000000f3780000,0x00000000f3780000,0x00000000f4000000)
 ParOldGen       total 34304K, used 10795K [0x00000000c1600000, 0x00000000c3780000, 0x00000000eb200000)
  object space 34304K, 31% used [0x00000000c1600000,0x00000000c208aff0,0x00000000c3780000)
 Metaspace       used 22078K, capacity 22906K, committed 23168K, reserved 1069056K
  class space    used 2846K, capacity 3074K, committed 3200K, reserved 1048576K
Event: 13.332 GC heap after
Heap after GC invocations=9 (full 1):
 PSYoungGen      total 111616K, used 2843K [0x00000000eb200000, 0x00000000f3a80000, 0x0000000100000000)
  eden space 108544K, 0% used [0x00000000eb200000,0x00000000eb200000,0x00000000f1c00000)
  from space 3072K, 92% used [0x00000000f3780000,0x00000000f3a46d38,0x00000000f3a80000)
  to   space 8704K, 0% used [0x00000000f2980000,0x00000000f2980000,0x00000000f3200000)
 ParOldGen       total 34304K, used 10803K [0x00000000c1600000, 0x00000000c3780000, 0x00000000eb200000)
  object space 34304K, 31% used [0x00000000c1600000,0x00000000c208cff0,0x00000000c3780000)
 Metaspace       used 22078K, capacity 22906K, committed 23168K, reserved 1069056K
  class space    used 2846K, capacity 3074K, committed 3200K, reserved 1048576K
}
Event: 19.770 GC heap before
{Heap before GC invocations=10 (full 1):
 PSYoungGen      total 111616K, used 111387K [0x00000000eb200000, 0x00000000f3a80000, 0x0000000100000000)
  eden space 108544K, 100% used [0x00000000eb200000,0x00000000f1c00000,0x00000000f1c00000)
  from space 3072K, 92% used [0x00000000f3780000,0x00000000f3a46d38,0x00000000f3a80000)
  to   space 8704K, 0% used [0x00000000f2980000,0x00000000f2980000,0x00000000f3200000)
 ParOldGen       total 34304K, used 10803K [0x00000000c1600000, 0x00000000c3780000, 0x00000000eb200000)
  object space 34304K, 31% used [0x00000000c1600000,0x00000000c208cff0,0x00000000c3780000)
 Metaspace       used 30175K, capacity 31958K, committed 32256K, reserved 1077248K
  class space    used 3964K, capacity 4274K, committed 4352K, reserved 1048576K
Event: 19.806 GC heap after
Heap after GC invocations=10 (full 1):
 PSYoungGen      total 131072K, used 8700K [0x00000000eb200000, 0x00000000f5b00000, 0x0000000100000000)
  eden space 122368K, 0% used [0x00000000eb200000,0x00000000eb200000,0x00000000f2980000)
  from space 8704K, 99% used [0x00000000f2980000,0x00000000f31ff328,0x00000000f3200000)
  to   space 11264K, 0% used [0x00000000f5000000,0x00000000f5000000,0x00000000f5b00000)
 ParOldGen       total 34304K, used 14320K [0x00000000c1600000, 0x00000000c3780000, 0x00000000eb200000)
  object space 34304K, 41% used [0x00000000c1600000,0x00000000c23fc168,0x00000000c3780000)
 Metaspace       used 30175K, capacity 31958K, committed 32256K, reserved 1077248K
  class space    used 3964K, capacity 4274K, committed 4352K, reserved 1048576K
}
Event: 23.103 GC heap before
{Heap before GC invocations=11 (full 1):
 PSYoungGen      total 131072K, used 109810K [0x00000000eb200000, 0x00000000f5b00000, 0x0000000100000000)
  eden space 122368K, 82% used [0x00000000eb200000,0x00000000f14bd578,0x00000000f2980000)
  from space 8704K, 99% used [0x00000000f2980000,0x00000000f31ff328,0x00000000f3200000)
  to   space 11264K, 0% used [0x00000000f5000000,0x00000000f5000000,0x00000000f5b00000)
 ParOldGen       total 34304K, used 14320K [0x00000000c1600000, 0x00000000c3780000, 0x00000000eb200000)
  object space 34304K, 41% used [0x00000000c1600000,0x00000000c23fc168,0x00000000c3780000)
 Metaspace       used 33620K, capacity 35432K, committed 35496K, reserved 1079296K
  class space    used 4420K, capacity 4755K, committed 4776K, reserved 1048576K
Event: 23.138 GC heap after
Heap after GC invocations=11 (full 1):
 PSYoungGen      total 133632K, used 8468K [0x00000000eb200000, 0x00000000f5b00000, 0x0000000100000000)
  eden space 122368K, 0% used [0x00000000eb200000,0x00000000eb200000,0x00000000f2980000)
  from space 11264K, 75% used [0x00000000f5000000,0x00000000f5845380,0x00000000f5b00000)
  to   space 8704K, 0% used [0x00000000f2980000,0x00000000f2980000,0x00000000f3200000)
 ParOldGen       total 34304K, used 15391K [0x00000000c1600000, 0x00000000c3780000, 0x00000000eb200000)
  object space 34304K, 44% used [0x00000000c1600000,0x00000000c2507f80,0x00000000c3780000)
 Metaspace       used 33620K, capacity 35432K, committed 35496K, reserved 1079296K
  class space    used 4420K, capacity 4755K, committed 4776K, reserved 1048576K
}
Event: 23.138 GC heap before
{Heap before GC invocations=12 (full 2):
 PSYoungGen      total 133632K, used 8468K [0x00000000eb200000, 0x00000000f5b00000, 0x0000000100000000)
  eden space 122368K, 0% used [0x00000000eb200000,0x00000000eb200000,0x00000000f2980000)
  from space 11264K, 75% used [0x00000000f5000000,0x00000000f5845380,0x00000000f5b00000)
  to   space 8704K, 0% used [0x00000000f2980000,0x00000000f2980000,0x00000000f3200000)
 ParOldGen       total 34304K, used 15391K [0x00000000c1600000, 0x00000000c3780000, 0x00000000eb200000)
  object space 34304K, 44% used [0x00000000c1600000,0x00000000c2507f80,0x00000000c3780000)
 Metaspace       used 33620K, capacity 35432K, committed 35496K, reserved 1079296K
  class space    used 4420K, capacity 4755K, committed 4776K, reserved 1048576K
Event: 23.288 GC heap after
Heap after GC invocations=12 (full 2):
 PSYoungGen      total 133632K, used 0K [0x00000000eb200000, 0x00000000f5b00000, 0x0000000100000000)
  eden space 122368K, 0% used [0x00000000eb200000,0x00000000eb200000,0x00000000f2980000)
  from space 11264K, 0% used [0x00000000f5000000,0x00000000f5000000,0x00000000f5b00000)
  to   space 8704K, 0% used [0x00000000f2980000,0x00000000f2980000,0x00000000f3200000)
 ParOldGen       total 34304K, used 13328K [0x00000000c1600000, 0x00000000c3780000, 0x00000000eb200000)
  object space 34304K, 38% used [0x00000000c1600000,0x00000000c2304080,0x00000000c3780000)
 Metaspace       used 33620K, capacity 35432K, committed 35496K, reserved 1079296K
  class space    used 4420K, capacity 4755K, committed 4776K, reserved 1048576K
}

